<?xml version="1.0" encoding="UTF-8"?>
<testng-results retried="1" ignored="0" total="6" passed="4" failed="1" skipped="0">
  <reporter-output>
  </reporter-output>
  <suite started-at="2025-04-20T15:31:37 IST" name="Suite" finished-at="2025-04-20T15:32:16 IST" duration-ms="39134">
    <groups>
      <group name="Errorhandling">
        <method signature="Errorvalidationtest.loginerrorvalidtn()[pri:0, instance:rahulshettyacademy.tests.Errorvalidationtest@1b66c0fb]" name="loginerrorvalidtn" class="rahulshettyacademy.tests.Errorvalidationtest"/>
      </group> <!-- Errorhandling -->
      <group name="purchase">
        <method signature="submitordertest.submitorder(java.util.HashMap)[pri:0, instance:rahulshettyacademy.tests.submitordertest@5965d37]" name="submitorder" class="rahulshettyacademy.tests.submitordertest"/>
      </group> <!-- purchase -->
    </groups>
    <test started-at="2025-04-20T15:31:37 IST" name="Error validation test" finished-at="2025-04-20T15:32:14 IST" duration-ms="36665">
      <class name="rahulshettyacademy.tests.Errorvalidationtest">
        <test-method is-config="true" signature="launchapplication()[pri:0, instance:rahulshettyacademy.tests.Errorvalidationtest@1b66c0fb]" started-at="2025-04-20T15:31:37 IST" name="launchapplication" finished-at="2025-04-20T15:31:45 IST" duration-ms="8229" status="PASS">
          <reporter-output>
          </reporter-output>
        </test-method> <!-- launchapplication -->
        <test-method signature="Producterrorvalidtn()[pri:0, instance:rahulshettyacademy.tests.Errorvalidationtest@1b66c0fb]" started-at="2025-04-20T15:31:45 IST" name="Producterrorvalidtn" finished-at="2025-04-20T15:32:01 IST" duration-ms="15740" status="PASS">
          <reporter-output>
          </reporter-output>
        </test-method> <!-- Producterrorvalidtn -->
        <test-method is-config="true" signature="closebrowser()[pri:0, instance:rahulshettyacademy.tests.Errorvalidationtest@1b66c0fb]" started-at="2025-04-20T15:32:01 IST" name="closebrowser" finished-at="2025-04-20T15:32:01 IST" duration-ms="283" status="PASS">
          <reporter-output>
          </reporter-output>
        </test-method> <!-- closebrowser -->
        <test-method is-config="true" signature="launchapplication()[pri:0, instance:rahulshettyacademy.tests.Errorvalidationtest@1b66c0fb]" started-at="2025-04-20T15:32:01 IST" name="launchapplication" finished-at="2025-04-20T15:32:05 IST" duration-ms="3794" status="PASS">
          <reporter-output>
          </reporter-output>
        </test-method> <!-- launchapplication -->
        <test-method retried="true" signature="loginerrorvalidtn()[pri:0, instance:rahulshettyacademy.tests.Errorvalidationtest@1b66c0fb]" started-at="2025-04-20T15:32:05 IST" name="loginerrorvalidtn" finished-at="2025-04-20T15:32:06 IST" duration-ms="1338" status="SKIP">
          <exception class="java.lang.AssertionError">
            <message>
              <![CDATA[expected:<Incorrect email or password.> but was:<Incorrect email  password.>]]>
            </message>
            <full-stacktrace>
              <![CDATA[java.lang.AssertionError: expected:<Incorrect email or password.> but was:<Incorrect email  password.>
at org.testng.AssertJUnit.assertEquals(AssertJUnit.java:115)
at org.testng.AssertJUnit.assertEquals(AssertJUnit.java:125)
at rahulshettyacademy.tests.Errorvalidationtest.loginerrorvalidtn(Errorvalidationtest.java:37)
at java.base/jdk.internal.reflect.NativeMethodAccessorImpl.invoke0(Native Method)
at java.base/jdk.internal.reflect.NativeMethodAccessorImpl.invoke(NativeMethodAccessorImpl.java:77)
at java.base/jdk.internal.reflect.DelegatingMethodAccessorImpl.invoke(DelegatingMethodAccessorImpl.java:43)
at java.base/java.lang.reflect.Method.invoke(Method.java:568)
at org.testng.internal.MethodInvocationHelper.invokeMethod(MethodInvocationHelper.java:133)
at org.testng.internal.TestInvoker.invokeMethod(TestInvoker.java:598)
at org.testng.internal.TestInvoker.invokeTestMethod(TestInvoker.java:173)
at org.testng.internal.MethodRunner.runInSequence(MethodRunner.java:46)
at org.testng.internal.TestInvoker$MethodInvocationAgent.invoke(TestInvoker.java:824)
at org.testng.internal.TestInvoker.invokeTestMethods(TestInvoker.java:146)
at org.testng.internal.TestMethodWorker.invokeTestMethods(TestMethodWorker.java:146)
at org.testng.internal.TestMethodWorker.run(TestMethodWorker.java:128)
at java.base/java.util.ArrayList.forEach(ArrayList.java:1511)
at org.testng.TestRunner.privateRun(TestRunner.java:794)
at org.testng.TestRunner.run(TestRunner.java:596)
at org.testng.SuiteRunner.runTest(SuiteRunner.java:377)
at org.testng.SuiteRunner.access$000(SuiteRunner.java:28)
at org.testng.SuiteRunner$SuiteWorker.run(SuiteRunner.java:418)
at org.testng.internal.thread.ThreadUtil.lambda$execute$0(ThreadUtil.java:64)
at java.base/java.util.concurrent.FutureTask.run(FutureTask.java:264)
at java.base/java.util.concurrent.ThreadPoolExecutor.runWorker(ThreadPoolExecutor.java:1136)
at java.base/java.util.concurrent.ThreadPoolExecutor$Worker.run(ThreadPoolExecutor.java:635)
at java.base/java.lang.Thread.run(Thread.java:842)
]]>
            </full-stacktrace>
          </exception> <!-- java.lang.AssertionError -->
          <reporter-output>
          </reporter-output>
        </test-method> <!-- loginerrorvalidtn -->
        <test-method is-config="true" signature="closebrowser()[pri:0, instance:rahulshettyacademy.tests.Errorvalidationtest@1b66c0fb]" started-at="2025-04-20T15:32:06 IST" name="closebrowser" finished-at="2025-04-20T15:32:07 IST" duration-ms="246" status="PASS">
          <reporter-output>
          </reporter-output>
        </test-method> <!-- closebrowser -->
        <test-method is-config="true" signature="launchapplication()[pri:0, instance:rahulshettyacademy.tests.Errorvalidationtest@1b66c0fb]" started-at="2025-04-20T15:32:07 IST" name="launchapplication" finished-at="2025-04-20T15:32:09 IST" duration-ms="1846" status="PASS">
          <reporter-output>
          </reporter-output>
        </test-method> <!-- launchapplication -->
        <test-method signature="loginerrorvalidtn()[pri:0, instance:rahulshettyacademy.tests.Errorvalidationtest@1b66c0fb]" started-at="2025-04-20T15:32:09 IST" name="loginerrorvalidtn" finished-at="2025-04-20T15:32:12 IST" duration-ms="3652" status="FAIL">
          <exception class="java.lang.AssertionError">
            <message>
              <![CDATA[expected:<Incorrect email or password.> but was:<Incorrect email  password.>]]>
            </message>
            <full-stacktrace>
              <![CDATA[java.lang.AssertionError: expected:<Incorrect email or password.> but was:<Incorrect email  password.>
at org.testng.AssertJUnit.assertEquals(AssertJUnit.java:115)
at org.testng.AssertJUnit.assertEquals(AssertJUnit.java:125)
at rahulshettyacademy.tests.Errorvalidationtest.loginerrorvalidtn(Errorvalidationtest.java:37)
at java.base/jdk.internal.reflect.NativeMethodAccessorImpl.invoke0(Native Method)
at java.base/jdk.internal.reflect.NativeMethodAccessorImpl.invoke(NativeMethodAccessorImpl.java:77)
at java.base/jdk.internal.reflect.DelegatingMethodAccessorImpl.invoke(DelegatingMethodAccessorImpl.java:43)
at java.base/java.lang.reflect.Method.invoke(Method.java:568)
at org.testng.internal.MethodInvocationHelper.invokeMethod(MethodInvocationHelper.java:133)
at org.testng.internal.TestInvoker.invokeMethod(TestInvoker.java:598)
at org.testng.internal.TestInvoker.retryFailed(TestInvoker.java:213)
at org.testng.internal.MethodRunner.runInSequence(MethodRunner.java:58)
at org.testng.internal.TestInvoker$MethodInvocationAgent.invoke(TestInvoker.java:824)
at org.testng.internal.TestInvoker.invokeTestMethods(TestInvoker.java:146)
at org.testng.internal.TestMethodWorker.invokeTestMethods(TestMethodWorker.java:146)
at org.testng.internal.TestMethodWorker.run(TestMethodWorker.java:128)
at java.base/java.util.ArrayList.forEach(ArrayList.java:1511)
at org.testng.TestRunner.privateRun(TestRunner.java:794)
at org.testng.TestRunner.run(TestRunner.java:596)
at org.testng.SuiteRunner.runTest(SuiteRunner.java:377)
at org.testng.SuiteRunner.access$000(SuiteRunner.java:28)
at org.testng.SuiteRunner$SuiteWorker.run(SuiteRunner.java:418)
at org.testng.internal.thread.ThreadUtil.lambda$execute$0(ThreadUtil.java:64)
at java.base/java.util.concurrent.FutureTask.run(FutureTask.java:264)
at java.base/java.util.concurrent.ThreadPoolExecutor.runWorker(ThreadPoolExecutor.java:1136)
at java.base/java.util.concurrent.ThreadPoolExecutor$Worker.run(ThreadPoolExecutor.java:635)
at java.base/java.lang.Thread.run(Thread.java:842)
]]>
            </full-stacktrace>
          </exception> <!-- java.lang.AssertionError -->
          <reporter-output>
          </reporter-output>
        </test-method> <!-- loginerrorvalidtn -->
        <test-method is-config="true" signature="closebrowser()[pri:0, instance:rahulshettyacademy.tests.Errorvalidationtest@1b66c0fb]" started-at="2025-04-20T15:32:13 IST" name="closebrowser" finished-at="2025-04-20T15:32:14 IST" duration-ms="203" status="PASS">
          <reporter-output>
          </reporter-output>
        </test-method> <!-- closebrowser -->
      </class> <!-- rahulshettyacademy.tests.Errorvalidationtest -->
    </test> <!-- Error validation test -->
    <test started-at="2025-04-20T15:31:37 IST" name="submit order test" finished-at="2025-04-20T15:32:16 IST" duration-ms="39134">
      <class name="rahulshettyacademy.tests.submitordertest">
        <test-method is-config="true" signature="launchapplication()[pri:0, instance:rahulshettyacademy.tests.submitordertest@5965d37]" started-at="2025-04-20T15:31:37 IST" name="launchapplication" finished-at="2025-04-20T15:31:44 IST" duration-ms="6829" status="PASS">
          <reporter-output>
          </reporter-output>
        </test-method> <!-- launchapplication -->
        <test-method signature="submitorder(java.util.HashMap)[pri:0, instance:rahulshettyacademy.tests.submitordertest@5965d37]" started-at="2025-04-20T15:31:44 IST" name="submitorder" data-provider="getData" finished-at="2025-04-20T15:31:50 IST" duration-ms="6205" status="PASS">
          <params>
            <param index="0">
              <value>
                <![CDATA[{password=Pursuit94, email=nagendrrks@gmail.com, productName=ZARA COAT 3}]]>
              </value>
            </param>
          </params>
          <reporter-output>
          </reporter-output>
        </test-method> <!-- submitorder -->
        <test-method is-config="true" signature="closebrowser()[pri:0, instance:rahulshettyacademy.tests.submitordertest@5965d37]" started-at="2025-04-20T15:31:50 IST" name="closebrowser" finished-at="2025-04-20T15:31:51 IST" duration-ms="311" status="PASS">
          <reporter-output>
          </reporter-output>
        </test-method> <!-- closebrowser -->
        <test-method is-config="true" signature="launchapplication()[pri:0, instance:rahulshettyacademy.tests.submitordertest@5965d37]" started-at="2025-04-20T15:31:51 IST" name="launchapplication" finished-at="2025-04-20T15:31:54 IST" duration-ms="3427" status="PASS">
          <reporter-output>
          </reporter-output>
        </test-method> <!-- launchapplication -->
        <test-method signature="submitorder(java.util.HashMap)[pri:0, instance:rahulshettyacademy.tests.submitordertest@5965d37]" started-at="2025-04-20T15:31:54 IST" name="submitorder" data-provider="getData" finished-at="2025-04-20T15:32:11 IST" duration-ms="16734" status="PASS">
          <params>
            <param index="0">
              <value>
                <![CDATA[{password=Mana1124, email=manasa95@gmail.com, productName=ADIDAS ORIGINAL}]]>
              </value>
            </param>
          </params>
          <reporter-output>
          </reporter-output>
        </test-method> <!-- submitorder -->
        <test-method is-config="true" signature="closebrowser()[pri:0, instance:rahulshettyacademy.tests.submitordertest@5965d37]" started-at="2025-04-20T15:32:11 IST" name="closebrowser" finished-at="2025-04-20T15:32:11 IST" duration-ms="289" status="PASS">
          <reporter-output>
          </reporter-output>
        </test-method> <!-- closebrowser -->
        <test-method is-config="true" signature="launchapplication()[pri:0, instance:rahulshettyacademy.tests.submitordertest@5965d37]" started-at="2025-04-20T15:32:11 IST" name="launchapplication" finished-at="2025-04-20T15:32:13 IST" duration-ms="2072" status="PASS">
          <reporter-output>
          </reporter-output>
        </test-method> <!-- launchapplication -->
        <test-method signature="OrderhistoryTest()[pri:0, instance:rahulshettyacademy.tests.submitordertest@5965d37]" started-at="2025-04-20T15:32:13 IST" name="OrderhistoryTest" finished-at="2025-04-20T15:32:16 IST" depends-on-methods="rahulshettyacademy.tests.submitordertest.submitorder" duration-ms="2789" status="PASS">
          <reporter-output>
          </reporter-output>
        </test-method> <!-- OrderhistoryTest -->
        <test-method is-config="true" signature="closebrowser()[pri:0, instance:rahulshettyacademy.tests.submitordertest@5965d37]" started-at="2025-04-20T15:32:16 IST" name="closebrowser" finished-at="2025-04-20T15:32:16 IST" duration-ms="195" status="PASS">
          <reporter-output>
          </reporter-output>
        </test-method> <!-- closebrowser -->
      </class> <!-- rahulshettyacademy.tests.submitordertest -->
    </test> <!-- submit order test -->
  </suite> <!-- Suite -->
</testng-results>
